# JRE version: OpenJDK Runtime Environment (7.0_75-b13) (build 1.7.0_75-b13)
# Java VM: OpenJDK 64-Bit Server VM (24.75-b04 mixed mode linux-amd64 compressed oops)
Heap
 PSYoungGen      total 193024K, used 9184K [0x00000000eaa80000, 0x00000000f8380000, 0x0000000100000000)
  eden space 183808K, 0% used [0x00000000eaa80000,0x00000000eaa80000,0x00000000f5e00000)
  from space 9216K, 99% used [0x00000000f7a80000,0x00000000f8378020,0x00000000f8380000)
  to   space 15872K, 0% used [0x00000000f6b00000,0x00000000f6b00000,0x00000000f7a80000)
 ParOldGen       total 62976K, used 54580K [0x00000000c0000000, 0x00000000c3d80000, 0x00000000eaa80000)
  object space 62976K, 86% used [0x00000000c0000000,0x00000000c354d270,0x00000000c3d80000)
 PSPermGen       total 89088K, used 56421K [0x00000000b0000000, 0x00000000b5700000, 0x00000000c0000000)
  object space 89088K, 63% used [0x00000000b0000000,0x00000000b37196d0,0x00000000b5700000)
GC Heap History (10 events):
Event: 17.284 GC heap after
Heap after GC invocations=13 (full 0):
 PSYoungGen      total 138752K, used 10748K [0x00000000eaa80000, 0x00000000f9380000, 0x0000000100000000)
  eden space 128000K, 0% used [0x00000000eaa80000,0x00000000eaa80000,0x00000000f2780000)
  from space 10752K, 99% used [0x00000000f2780000,0x00000000f31ff140,0x00000000f3200000)
  to   space 16896K, 0% used [0x00000000f8300000,0x00000000f8300000,0x00000000f9380000)
 ParOldGen       total 33280K, used 32894K [0x00000000c0000000, 0x00000000c2080000, 0x00000000eaa80000)
  object space 33280K, 98% used [0x00000000c0000000,0x00000000c201fac0,0x00000000c2080000)
 PSPermGen       total 37376K, used 37352K [0x00000000b0000000, 0x00000000b2480000, 0x00000000c0000000)
  object space 37376K, 99% used [0x00000000b0000000,0x00000000b247a230,0x00000000b2480000)
}
Event: 17.289 GC heap before
{Heap before GC invocations=14 (full 1):
 PSYoungGen      total 138752K, used 10748K [0x00000000eaa80000, 0x00000000f9380000, 0x0000000100000000)
  eden space 128000K, 0% used [0x00000000eaa80000,0x00000000eaa80000,0x00000000f2780000)
  from space 10752K, 99% used [0x00000000f2780000,0x00000000f31ff140,0x00000000f3200000)
  to   space 16896K, 0% used [0x00000000f8300000,0x00000000f8300000,0x00000000f9380000)
 ParOldGen       total 33280K, used 32894K [0x00000000c0000000, 0x00000000c2080000, 0x00000000eaa80000)
  object space 33280K, 98% used [0x00000000c0000000,0x00000000c201fac0,0x00000000c2080000)
 PSPermGen       total 37376K, used 37352K [0x00000000b0000000, 0x00000000b2480000, 0x00000000c0000000)
  object space 37376K, 99% used [0x00000000b0000000,0x00000000b247a230,0x00000000b2480000)
Event: 17.805 GC heap after
Heap after GC invocations=14 (full 1):
 PSYoungGen      total 138752K, used 1017K [0x00000000eaa80000, 0x00000000f9380000, 0x0000000100000000)
  eden space 128000K, 0% used [0x00000000eaa80000,0x00000000eaa80000,0x00000000f2780000)
  from space 10752K, 9% used [0x00000000f2780000,0x00000000f287e7b0,0x00000000f3200000)
  to   space 16896K, 0% used [0x00000000f8300000,0x00000000f8300000,0x00000000f9380000)
 ParOldGen       total 62976K, used 33273K [0x00000000c0000000, 0x00000000c3d80000, 0x00000000eaa80000)
  object space 62976K, 52% used [0x00000000c0000000,0x00000000c207e5e8,0x00000000c3d80000)
 PSPermGen       total 74752K, used 37335K [0x00000000b0000000, 0x00000000b4900000, 0x00000000c0000000)
  object space 74752K, 49% used [0x00000000b0000000,0x00000000b2475db0,0x00000000b4900000)
}
Event: 23.647 GC heap before
{Heap before GC invocations=15 (full 1):
 PSYoungGen      total 138752K, used 75820K [0x00000000eaa80000, 0x00000000f9380000, 0x0000000100000000)
  eden space 128000K, 58% used [0x00000000eaa80000,0x00000000ef38ca38,0x00000000f2780000)
  from space 10752K, 9% used [0x00000000f2780000,0x00000000f287e7b0,0x00000000f3200000)
  to   space 16896K, 0% used [0x00000000f8300000,0x00000000f8300000,0x00000000f9380000)
 ParOldGen       total 62976K, used 33273K [0x00000000c0000000, 0x00000000c3d80000, 0x00000000eaa80000)
  object space 62976K, 52% used [0x00000000c0000000,0x00000000c207e5e8,0x00000000c3d80000)
 PSPermGen       total 74752K, used 44092K [0x00000000b0000000, 0x00000000b4900000, 0x00000000c0000000)
  object space 74752K, 58% used [0x00000000b0000000,0x00000000b2b0f388,0x00000000b4900000)
Event: 23.687 GC heap after
Heap after GC invocations=15 (full 1):
 PSYoungGen      total 164352K, used 8872K [0x00000000eaa80000, 0x00000000f8c00000, 0x0000000100000000)
  eden space 155136K, 0% used [0x00000000eaa80000,0x00000000eaa80000,0x00000000f4200000)
  from space 9216K, 96% used [0x00000000f8300000,0x00000000f8baa2f0,0x00000000f8c00000)
  to   space 16896K, 0% used [0x00000000f6b00000,0x00000000f6b00000,0x00000000f7b80000)
 ParOldGen       total 62976K, used 34309K [0x00000000c0000000, 0x00000000c3d80000, 0x00000000eaa80000)
  object space 62976K, 54% used [0x00000000c0000000,0x00000000c21815f8,0x00000000c3d80000)
 PSPermGen       total 74752K, used 44092K [0x00000000b0000000, 0x00000000b4900000, 0x00000000c0000000)
  object space 74752K, 58% used [0x00000000b0000000,0x00000000b2b0f388,0x00000000b4900000)
}
Event: 23.687 GC heap before
{Heap before GC invocations=16 (full 2):
 PSYoungGen      total 164352K, used 8872K [0x00000000eaa80000, 0x00000000f8c00000, 0x0000000100000000)
  eden space 155136K, 0% used [0x00000000eaa80000,0x00000000eaa80000,0x00000000f4200000)
  from space 9216K, 96% used [0x00000000f8300000,0x00000000f8baa2f0,0x00000000f8c00000)
  to   space 16896K, 0% used [0x00000000f6b00000,0x00000000f6b00000,0x00000000f7b80000)
 ParOldGen       total 62976K, used 34309K [0x00000000c0000000, 0x00000000c3d80000, 0x00000000eaa80000)
  object space 62976K, 54% used [0x00000000c0000000,0x00000000c21815f8,0x00000000c3d80000)
 PSPermGen       total 74752K, used 44092K [0x00000000b0000000, 0x00000000b4900000, 0x00000000c0000000)
  object space 74752K, 58% used [0x00000000b0000000,0x00000000b2b0f388,0x00000000b4900000)
Event: 23.970 GC heap after
Heap after GC invocations=16 (full 2):
 PSYoungGen      total 164352K, used 0K [0x00000000eaa80000, 0x00000000f8c00000, 0x0000000100000000)
  eden space 155136K, 0% used [0x00000000eaa80000,0x00000000eaa80000,0x00000000f4200000)
  from space 9216K, 0% used [0x00000000f8300000,0x00000000f8300000,0x00000000f8c00000)
  to   space 16896K, 0% used [0x00000000f6b00000,0x00000000f6b00000,0x00000000f7b80000)
 ParOldGen       total 62976K, used 35950K [0x00000000c0000000, 0x00000000c3d80000, 0x00000000eaa80000)
  object space 62976K, 57% used [0x00000000c0000000,0x00000000c231b9c8,0x00000000c3d80000)
 PSPermGen       total 89088K, used 44053K [0x00000000b0000000, 0x00000000b5700000, 0x00000000c0000000)
  object space 89088K, 49% used [0x00000000b0000000,0x00000000b2b05490,0x00000000b5700000)
}
Event: 32.474 GC heap before
{Heap before GC invocations=17 (full 2):
 PSYoungGen      total 164352K, used 155136K [0x00000000eaa80000, 0x00000000f8c00000, 0x0000000100000000)
  eden space 155136K, 100% used [0x00000000eaa80000,0x00000000f4200000,0x00000000f4200000)
  from space 9216K, 0% used [0x00000000f8300000,0x00000000f8300000,0x00000000f8c00000)
  to   space 16896K, 0% used [0x00000000f6b00000,0x00000000f6b00000,0x00000000f7b80000)
 ParOldGen       total 62976K, used 35950K [0x00000000c0000000, 0x00000000c3d80000, 0x00000000eaa80000)
  object space 62976K, 57% used [0x00000000c0000000,0x00000000c231b9c8,0x00000000c3d80000)
 PSPermGen       total 89088K, used 48852K [0x00000000b0000000, 0x00000000b5700000, 0x00000000c0000000)
  object space 89088K, 54% used [0x00000000b0000000,0x00000000b2fb53c8,0x00000000b5700000)
Event: 32.507 GC heap after
Heap after GC invocations=17 (full 2):
 PSYoungGen      total 199680K, used 15501K [0x00000000eaa80000, 0x00000000f8380000, 0x0000000100000000)
  eden space 183808K, 0% used [0x00000000eaa80000,0x00000000eaa80000,0x00000000f5e00000)
  from space 15872K, 97% used [0x00000000f6b00000,0x00000000f7a23768,0x00000000f7a80000)
  to   space 9216K, 0% used [0x00000000f7a80000,0x00000000f7a80000,0x00000000f8380000)
 ParOldGen       total 62976K, used 35950K [0x00000000c0000000, 0x00000000c3d80000, 0x00000000eaa80000)
  object space 62976K, 57% used [0x00000000c0000000,0x00000000c231b9c8,0x00000000c3d80000)
 PSPermGen       total 89088K, used 48852K [0x00000000b0000000, 0x00000000b5700000, 0x00000000c0000000)
  object space 89088K, 54% used [0x00000000b0000000,0x00000000b2fb53c8,0x00000000b5700000)
}
Event: 427.529 GC heap before
{Heap before GC invocations=18 (full 2):
 PSYoungGen      total 199680K, used 199309K [0x00000000eaa80000, 0x00000000f8380000, 0x0000000100000000)
  eden space 183808K, 100% used [0x00000000eaa80000,0x00000000f5e00000,0x00000000f5e00000)
  from space 15872K, 97% used [0x00000000f6b00000,0x00000000f7a23768,0x00000000f7a80000)
  to   space 9216K, 0% used [0x00000000f7a80000,0x00000000f7a80000,0x00000000f8380000)
 ParOldGen       total 62976K, used 35950K [0x00000000c0000000, 0x00000000c3d80000, 0x00000000eaa80000)
  object space 62976K, 57% used [0x00000000c0000000,0x00000000c231b9c8,0x00000000c3d80000)
 PSPermGen       total 89088K, used 56421K [0x00000000b0000000, 0x00000000b5700000, 0x00000000c0000000)
  object space 89088K, 63% used [0x00000000b0000000,0x00000000b37196d0,0x00000000b5700000)

