# JRE version: OpenJDK Runtime Environment (7.0_75-b13) (build 1.7.0_75-b13)
# Java VM: OpenJDK 64-Bit Server VM (24.75-b04 mixed mode linux-amd64 compressed oops)
Heap
 PSYoungGen      total 293888K, used 19478K [0x00000000eaa80000, 0x00000000ff080000, 0x0000000100000000)
  eden space 254976K, 7% used [0x00000000eaa80000,0x00000000ebd85970,0x00000000fa380000)
  from space 38912K, 0% used [0x00000000fca80000,0x00000000fca80000,0x00000000ff080000)
  to   space 39424K, 0% used [0x00000000fa380000,0x00000000fa380000,0x00000000fca00000)
 ParOldGen       total 100864K, used 100820K [0x00000000c0000000, 0x00000000c6280000, 0x00000000eaa80000)
  object space 100864K, 99% used [0x00000000c0000000,0x00000000c6275160,0x00000000c6280000)
 PSPermGen       total 122368K, used 98934K [0x00000000b0000000, 0x00000000b7780000, 0x00000000c0000000)
  object space 122368K, 80% used [0x00000000b0000000,0x00000000b609dbf8,0x00000000b7780000)
GC Heap History (10 events):
Event: 1324.938 GC heap after
Heap after GC invocations=25 (full 5):
 PSYoungGen      total 284672K, used 21544K [0x00000000eaa80000, 0x00000000fe580000, 0x0000000100000000)
  eden space 254976K, 0% used [0x00000000eaa80000,0x00000000eaa80000,0x00000000fa380000)
  from space 29696K, 72% used [0x00000000fc880000,0x00000000fdd8a050,0x00000000fe580000)
  to   space 33792K, 0% used [0x00000000fa380000,0x00000000fa380000,0x00000000fc480000)
 ParOldGen       total 100864K, used 59830K [0x00000000c0000000, 0x00000000c6280000, 0x00000000eaa80000)
  object space 100864K, 59% used [0x00000000c0000000,0x00000000c3a6d948,0x00000000c6280000)
 PSPermGen       total 104960K, used 75688K [0x00000000b0000000, 0x00000000b6680000, 0x00000000c0000000)
  object space 104960K, 72% used [0x00000000b0000000,0x00000000b49ea088,0x00000000b6680000)
}
Event: 1330.340 GC heap before
{Heap before GC invocations=26 (full 5):
 PSYoungGen      total 284672K, used 227598K [0x00000000eaa80000, 0x00000000fe580000, 0x0000000100000000)
  eden space 254976K, 80% used [0x00000000eaa80000,0x00000000f73b9ac0,0x00000000fa380000)
  from space 29696K, 72% used [0x00000000fc880000,0x00000000fdd8a050,0x00000000fe580000)
  to   space 33792K, 0% used [0x00000000fa380000,0x00000000fa380000,0x00000000fc480000)
 ParOldGen       total 100864K, used 59830K [0x00000000c0000000, 0x00000000c6280000, 0x00000000eaa80000)
  object space 100864K, 59% used [0x00000000c0000000,0x00000000c3a6d948,0x00000000c6280000)
 PSPermGen       total 104960K, used 83605K [0x00000000b0000000, 0x00000000b6680000, 0x00000000c0000000)
  object space 104960K, 79% used [0x00000000b0000000,0x00000000b51a57c8,0x00000000b6680000)
Event: 1330.383 GC heap after
Heap after GC invocations=26 (full 5):
 PSYoungGen      total 288768K, used 33784K [0x00000000eaa80000, 0x00000000ff180000, 0x0000000100000000)
  eden space 254976K, 0% used [0x00000000eaa80000,0x00000000eaa80000,0x00000000fa380000)
  from space 33792K, 99% used [0x00000000fa380000,0x00000000fc47e330,0x00000000fc480000)
  to   space 39936K, 0% used [0x00000000fca80000,0x00000000fca80000,0x00000000ff180000)
 ParOldGen       total 100864K, used 60857K [0x00000000c0000000, 0x00000000c6280000, 0x00000000eaa80000)
  object space 100864K, 60% used [0x00000000c0000000,0x00000000c3b6e690,0x00000000c6280000)
 PSPermGen       total 104960K, used 83605K [0x00000000b0000000, 0x00000000b6680000, 0x00000000c0000000)
  object space 104960K, 79% used [0x00000000b0000000,0x00000000b51a57c8,0x00000000b6680000)
}
Event: 1330.383 GC heap before
{Heap before GC invocations=27 (full 6):
 PSYoungGen      total 288768K, used 33784K [0x00000000eaa80000, 0x00000000ff180000, 0x0000000100000000)
  eden space 254976K, 0% used [0x00000000eaa80000,0x00000000eaa80000,0x00000000fa380000)
  from space 33792K, 99% used [0x00000000fa380000,0x00000000fc47e330,0x00000000fc480000)
  to   space 39936K, 0% used [0x00000000fca80000,0x00000000fca80000,0x00000000ff180000)
 ParOldGen       total 100864K, used 60857K [0x00000000c0000000, 0x00000000c6280000, 0x00000000eaa80000)
  object space 100864K, 60% used [0x00000000c0000000,0x00000000c3b6e690,0x00000000c6280000)
 PSPermGen       total 104960K, used 83605K [0x00000000b0000000, 0x00000000b6680000, 0x00000000c0000000)
  object space 104960K, 79% used [0x00000000b0000000,0x00000000b51a57c8,0x00000000b6680000)
Event: 1331.076 GC heap after
Heap after GC invocations=27 (full 6):
 PSYoungGen      total 288768K, used 0K [0x00000000eaa80000, 0x00000000ff180000, 0x0000000100000000)
  eden space 254976K, 0% used [0x00000000eaa80000,0x00000000eaa80000,0x00000000fa380000)
  from space 33792K, 0% used [0x00000000fa380000,0x00000000fa380000,0x00000000fc480000)
  to   space 39936K, 0% used [0x00000000fca80000,0x00000000fca80000,0x00000000ff180000)
 ParOldGen       total 100864K, used 90875K [0x00000000c0000000, 0x00000000c6280000, 0x00000000eaa80000)
  object space 100864K, 90% used [0x00000000c0000000,0x00000000c58bef48,0x00000000c6280000)
 PSPermGen       total 116736K, used 83528K [0x00000000b0000000, 0x00000000b7200000, 0x00000000c0000000)
  object space 116736K, 71% used [0x00000000b0000000,0x00000000b5192040,0x00000000b7200000)
}
Event: 1582.029 GC heap before
{Heap before GC invocations=28 (full 6):
 PSYoungGen      total 288768K, used 221446K [0x00000000eaa80000, 0x00000000ff180000, 0x0000000100000000)
  eden space 254976K, 86% used [0x00000000eaa80000,0x00000000f82c1be0,0x00000000fa380000)
  from space 33792K, 0% used [0x00000000fa380000,0x00000000fa380000,0x00000000fc480000)
  to   space 39936K, 0% used [0x00000000fca80000,0x00000000fca80000,0x00000000ff180000)
 ParOldGen       total 100864K, used 90875K [0x00000000c0000000, 0x00000000c6280000, 0x00000000eaa80000)
  object space 100864K, 90% used [0x00000000c0000000,0x00000000c58bef48,0x00000000c6280000)
 PSPermGen       total 116736K, used 91390K [0x00000000b0000000, 0x00000000b7200000, 0x00000000c0000000)
  object space 116736K, 78% used [0x00000000b0000000,0x00000000b593f860,0x00000000b7200000)
Event: 1582.075 GC heap after
Heap after GC invocations=28 (full 6):
 PSYoungGen      total 293888K, used 20414K [0x00000000eaa80000, 0x00000000ff080000, 0x0000000100000000)
  eden space 254976K, 0% used [0x00000000eaa80000,0x00000000eaa80000,0x00000000fa380000)
  from space 38912K, 52% used [0x00000000fca80000,0x00000000fde6f900,0x00000000ff080000)
  to   space 39424K, 0% used [0x00000000fa380000,0x00000000fa380000,0x00000000fca00000)
 ParOldGen       total 100864K, used 90875K [0x00000000c0000000, 0x00000000c6280000, 0x00000000eaa80000)
  object space 100864K, 90% used [0x00000000c0000000,0x00000000c58bef48,0x00000000c6280000)
 PSPermGen       total 116736K, used 91390K [0x00000000b0000000, 0x00000000b7200000, 0x00000000c0000000)
  object space 116736K, 78% used [0x00000000b0000000,0x00000000b593f860,0x00000000b7200000)
}
Event: 1582.075 GC heap before
{Heap before GC invocations=29 (full 7):
 PSYoungGen      total 293888K, used 20414K [0x00000000eaa80000, 0x00000000ff080000, 0x0000000100000000)
  eden space 254976K, 0% used [0x00000000eaa80000,0x00000000eaa80000,0x00000000fa380000)
  from space 38912K, 52% used [0x00000000fca80000,0x00000000fde6f900,0x00000000ff080000)
  to   space 39424K, 0% used [0x00000000fa380000,0x00000000fa380000,0x00000000fca00000)
 ParOldGen       total 100864K, used 90875K [0x00000000c0000000, 0x00000000c6280000, 0x00000000eaa80000)
  object space 100864K, 90% used [0x00000000c0000000,0x00000000c58bef48,0x00000000c6280000)
 PSPermGen       total 116736K, used 91390K [0x00000000b0000000, 0x00000000b7200000, 0x00000000c0000000)
  object space 116736K, 78% used [0x00000000b0000000,0x00000000b593f860,0x00000000b7200000)
Event: 1582.679 GC heap after
Heap after GC invocations=29 (full 7):
 PSYoungGen      total 293888K, used 3664K [0x00000000eaa80000, 0x00000000ff080000, 0x0000000100000000)
  eden space 254976K, 0% used [0x00000000eaa80000,0x00000000eaa80000,0x00000000fa380000)
  from space 38912K, 9% used [0x00000000fca80000,0x00000000fce141b0,0x00000000ff080000)
  to   space 39424K, 0% used [0x00000000fa380000,0x00000000fa380000,0x00000000fca00000)
 ParOldGen       total 100864K, used 100697K [0x00000000c0000000, 0x00000000c6280000, 0x00000000eaa80000)
  object space 100864K, 99% used [0x00000000c0000000,0x00000000c6256610,0x00000000c6280000)
 PSPermGen       total 122368K, used 91351K [0x00000000b0000000, 0x00000000b7780000, 0x00000000c0000000)
  object space 122368K, 74% used [0x00000000b0000000,0x00000000b5935cd8,0x00000000b7780000)
}
Event: 2244.690 GC heap before
{Heap before GC invocations=30 (full 8):
 PSYoungGen      total 293888K, used 258640K [0x00000000eaa80000, 0x00000000ff080000, 0x0000000100000000)
  eden space 254976K, 100% used [0x00000000eaa80000,0x00000000fa380000,0x00000000fa380000)
  from space 38912K, 9% used [0x00000000fca80000,0x00000000fce141b0,0x00000000ff080000)
  to   space 39424K, 0% used [0x00000000fa380000,0x00000000fa380000,0x00000000fca00000)
 ParOldGen       total 100864K, used 100697K [0x00000000c0000000, 0x00000000c6280000, 0x00000000eaa80000)
  object space 100864K, 99% used [0x00000000c0000000,0x00000000c6256610,0x00000000c6280000)
 PSPermGen       total 122368K, used 98973K [0x00000000b0000000, 0x00000000b7780000, 0x00000000c0000000)
  object space 122368K, 80% used [0x00000000b0000000,0x00000000b60a7638,0x00000000b7780000)

