# JRE version: OpenJDK Runtime Environment (7.0_75-b13) (build 1.7.0_75-b13)
# Java VM: OpenJDK 64-Bit Server VM (24.75-b04 mixed mode linux-amd64 compressed oops)
Heap
 PSYoungGen      total 214528K, used 13803K [0x00000000eaa80000, 0x00000000f8d80000, 0x0000000100000000)
  eden space 200704K, 0% used [0x00000000eaa80000,0x00000000eaa80000,0x00000000f6e80000)
  from space 13824K, 99% used [0x00000000f6e80000,0x00000000f7bfaf38,0x00000000f7c00000)
  to   space 9728K, 0% used [0x00000000f7c00000,0x00000000f7c00000,0x00000000f8580000)
 ParOldGen       total 44032K, used 43763K [0x00000000c0000000, 0x00000000c2b00000, 0x00000000eaa80000)
  object space 44032K, 99% used [0x00000000c0000000,0x00000000c2abcf88,0x00000000c2b00000)
 PSPermGen       total 44544K, used 44171K [0x00000000b0000000, 0x00000000b2b80000, 0x00000000c0000000)
  object space 44544K, 99% used [0x00000000b0000000,0x00000000b2b22f60,0x00000000b2b80000)
GC Heap History (10 events):
Event: 4.012 GC heap after
Heap after GC invocations=4 (full 0):
 PSYoungGen      total 52736K, used 1504K [0x00000000eaa80000, 0x00000000edf80000, 0x0000000100000000)
  eden space 51200K, 0% used [0x00000000eaa80000,0x00000000eaa80000,0x00000000edc80000)
  from space 1536K, 97% used [0x00000000ede00000,0x00000000edf78020,0x00000000edf80000)
  to   space 1536K, 0% used [0x00000000edc80000,0x00000000edc80000,0x00000000ede00000)
 ParOldGen       total 31232K, used 9424K [0x00000000c0000000, 0x00000000c1e80000, 0x00000000eaa80000)
  object space 31232K, 30% used [0x00000000c0000000,0x00000000c0934110,0x00000000c1e80000)
 PSPermGen       total 21504K, used 16306K [0x00000000b0000000, 0x00000000b1500000, 0x00000000c0000000)
  object space 21504K, 75% used [0x00000000b0000000,0x00000000b0fec9d0,0x00000000b1500000)
}
Event: 5.314 GC heap before
{Heap before GC invocations=5 (full 0):
 PSYoungGen      total 52736K, used 52704K [0x00000000eaa80000, 0x00000000edf80000, 0x0000000100000000)
  eden space 51200K, 100% used [0x00000000eaa80000,0x00000000edc80000,0x00000000edc80000)
  from space 1536K, 97% used [0x00000000ede00000,0x00000000edf78020,0x00000000edf80000)
  to   space 1536K, 0% used [0x00000000edc80000,0x00000000edc80000,0x00000000ede00000)
 ParOldGen       total 31232K, used 9424K [0x00000000c0000000, 0x00000000c1e80000, 0x00000000eaa80000)
  object space 31232K, 30% used [0x00000000c0000000,0x00000000c0934110,0x00000000c1e80000)
 PSPermGen       total 21504K, used 20793K [0x00000000b0000000, 0x00000000b1500000, 0x00000000c0000000)
  object space 21504K, 96% used [0x00000000b0000000,0x00000000b144e420,0x00000000b1500000)
Event: 5.330 GC heap after
Heap after GC invocations=5 (full 0):
 PSYoungGen      total 52736K, used 1504K [0x00000000eaa80000, 0x00000000f1e80000, 0x0000000100000000)
  eden space 51200K, 0% used [0x00000000eaa80000,0x00000000eaa80000,0x00000000edc80000)
  from space 1536K, 97% used [0x00000000edc80000,0x00000000eddf8020,0x00000000ede00000)
  to   space 8192K, 0% used [0x00000000f1680000,0x00000000f1680000,0x00000000f1e80000)
 ParOldGen       total 31232K, used 14325K [0x00000000c0000000, 0x00000000c1e80000, 0x00000000eaa80000)
  object space 31232K, 45% used [0x00000000c0000000,0x00000000c0dfd4a8,0x00000000c1e80000)
 PSPermGen       total 21504K, used 20793K [0x00000000b0000000, 0x00000000b1500000, 0x00000000c0000000)
  object space 21504K, 96% used [0x00000000b0000000,0x00000000b144e420,0x00000000b1500000)
}
Event: 5.547 GC heap before
{Heap before GC invocations=6 (full 0):
 PSYoungGen      total 52736K, used 52704K [0x00000000eaa80000, 0x00000000f1e80000, 0x0000000100000000)
  eden space 51200K, 100% used [0x00000000eaa80000,0x00000000edc80000,0x00000000edc80000)
  from space 1536K, 97% used [0x00000000edc80000,0x00000000eddf8020,0x00000000ede00000)
  to   space 8192K, 0% used [0x00000000f1680000,0x00000000f1680000,0x00000000f1e80000)
 ParOldGen       total 31232K, used 14325K [0x00000000c0000000, 0x00000000c1e80000, 0x00000000eaa80000)
  object space 31232K, 45% used [0x00000000c0000000,0x00000000c0dfd4a8,0x00000000c1e80000)
 PSPermGen       total 21504K, used 20800K [0x00000000b0000000, 0x00000000b1500000, 0x00000000c0000000)
  object space 21504K, 96% used [0x00000000b0000000,0x00000000b14501e8,0x00000000b1500000)
Event: 5.555 GC heap after
Heap after GC invocations=6 (full 0):
 PSYoungGen      total 110592K, used 1856K [0x00000000eaa80000, 0x00000000f1e80000, 0x0000000100000000)
  eden space 102400K, 0% used [0x00000000eaa80000,0x00000000eaa80000,0x00000000f0e80000)
  from space 8192K, 22% used [0x00000000f1680000,0x00000000f1850020,0x00000000f1e80000)
  to   space 8192K, 0% used [0x00000000f0e80000,0x00000000f0e80000,0x00000000f1680000)
 ParOldGen       total 31232K, used 14325K [0x00000000c0000000, 0x00000000c1e80000, 0x00000000eaa80000)
  object space 31232K, 45% used [0x00000000c0000000,0x00000000c0dfd4a8,0x00000000c1e80000)
 PSPermGen       total 21504K, used 20800K [0x00000000b0000000, 0x00000000b1500000, 0x00000000c0000000)
  object space 21504K, 96% used [0x00000000b0000000,0x00000000b14501e8,0x00000000b1500000)
}
Event: 7.058 GC heap before
{Heap before GC invocations=7 (full 0):
 PSYoungGen      total 110592K, used 104256K [0x00000000eaa80000, 0x00000000f1e80000, 0x0000000100000000)
  eden space 102400K, 100% used [0x00000000eaa80000,0x00000000f0e80000,0x00000000f0e80000)
  from space 8192K, 22% used [0x00000000f1680000,0x00000000f1850020,0x00000000f1e80000)
  to   space 8192K, 0% used [0x00000000f0e80000,0x00000000f0e80000,0x00000000f1680000)
 ParOldGen       total 31232K, used 14325K [0x00000000c0000000, 0x00000000c1e80000, 0x00000000eaa80000)
  object space 31232K, 45% used [0x00000000c0000000,0x00000000c0dfd4a8,0x00000000c1e80000)
 PSPermGen       total 24576K, used 24081K [0x00000000b0000000, 0x00000000b1800000, 0x00000000c0000000)
  object space 24576K, 97% used [0x00000000b0000000,0x00000000b17845b0,0x00000000b1800000)
Event: 7.076 GC heap after
Heap after GC invocations=7 (full 0):
 PSYoungGen      total 110592K, used 7606K [0x00000000eaa80000, 0x00000000f8580000, 0x0000000100000000)
  eden space 102400K, 0% used [0x00000000eaa80000,0x00000000eaa80000,0x00000000f0e80000)
  from space 8192K, 92% used [0x00000000f0e80000,0x00000000f15edae0,0x00000000f1680000)
  to   space 9728K, 0% used [0x00000000f7c00000,0x00000000f7c00000,0x00000000f8580000)
 ParOldGen       total 31232K, used 14716K [0x00000000c0000000, 0x00000000c1e80000, 0x00000000eaa80000)
  object space 31232K, 47% used [0x00000000c0000000,0x00000000c0e5f3d8,0x00000000c1e80000)
 PSPermGen       total 24576K, used 24081K [0x00000000b0000000, 0x00000000b1800000, 0x00000000c0000000)
  object space 24576K, 97% used [0x00000000b0000000,0x00000000b17845b0,0x00000000b1800000)
}
Event: 11.267 GC heap before
{Heap before GC invocations=8 (full 0):
 PSYoungGen      total 110592K, used 110006K [0x00000000eaa80000, 0x00000000f8580000, 0x0000000100000000)
  eden space 102400K, 100% used [0x00000000eaa80000,0x00000000f0e80000,0x00000000f0e80000)
  from space 8192K, 92% used [0x00000000f0e80000,0x00000000f15edae0,0x00000000f1680000)
  to   space 9728K, 0% used [0x00000000f7c00000,0x00000000f7c00000,0x00000000f8580000)
 ParOldGen       total 31232K, used 14716K [0x00000000c0000000, 0x00000000c1e80000, 0x00000000eaa80000)
  object space 31232K, 47% used [0x00000000c0000000,0x00000000c0e5f3d8,0x00000000c1e80000)
 PSPermGen       total 31744K, used 31248K [0x00000000b0000000, 0x00000000b1f00000, 0x00000000c0000000)
  object space 31744K, 98% used [0x00000000b0000000,0x00000000b1e84300,0x00000000b1f00000)
Event: 11.292 GC heap after
Heap after GC invocations=8 (full 0):
 PSYoungGen      total 210432K, used 9696K [0x00000000eaa80000, 0x00000000f8d80000, 0x0000000100000000)
  eden space 200704K, 0% used [0x00000000eaa80000,0x00000000eaa80000,0x00000000f6e80000)
  from space 9728K, 99% used [0x00000000f7c00000,0x00000000f8578030,0x00000000f8580000)
  to   space 13824K, 0% used [0x00000000f6e80000,0x00000000f6e80000,0x00000000f7c00000)
 ParOldGen       total 31232K, used 20081K [0x00000000c0000000, 0x00000000c1e80000, 0x00000000eaa80000)
  object space 31232K, 64% used [0x00000000c0000000,0x00000000c139c6e0,0x00000000c1e80000)
 PSPermGen       total 31744K, used 31248K [0x00000000b0000000, 0x00000000b1f00000, 0x00000000c0000000)
  object space 31744K, 98% used [0x00000000b0000000,0x00000000b1e84300,0x00000000b1f00000)
}
Event: 29.244 GC heap before
{Heap before GC invocations=9 (full 0):
 PSYoungGen      total 210432K, used 210400K [0x00000000eaa80000, 0x00000000f8d80000, 0x0000000100000000)
  eden space 200704K, 100% used [0x00000000eaa80000,0x00000000f6e80000,0x00000000f6e80000)
  from space 9728K, 99% used [0x00000000f7c00000,0x00000000f8578030,0x00000000f8580000)
  to   space 13824K, 0% used [0x00000000f6e80000,0x00000000f6e80000,0x00000000f7c00000)
 ParOldGen       total 31232K, used 20081K [0x00000000c0000000, 0x00000000c1e80000, 0x00000000eaa80000)
  object space 31232K, 64% used [0x00000000c0000000,0x00000000c139c6e0,0x00000000c1e80000)
 PSPermGen       total 44544K, used 44171K [0x00000000b0000000, 0x00000000b2b80000, 0x00000000c0000000)
  object space 44544K, 99% used [0x00000000b0000000,0x00000000b2b22f60,0x00000000b2b80000)

